<?xml version="1.0" encoding="UTF-8"?>
<!-- Generated by org.testng.reporters.JUnitReportReporter -->
<testsuite skipped="0" hostname="Thaos-Air.net.fpt" name="com.sso.qa.tests.LoginFunction" tests="1" failures="0" timestamp="14 Nov 2017 15:15:21 GMT" time="3.413" errors="0">
  <testcase name="LoginSuccess" time="3.413" classname="com.sso.qa.tests.LoginFunction"/>
</testsuite> <!-- com.sso.qa.tests.LoginFunction -->
